Using pre-set license
Built from '2020.3/staging' branch; Version is '2020.3.0f1 (c7b5465681fb) revision 13088070'; Using compiler version '192528614'; Build Type 'Release'
OS: 'Windows 10 Pro; OS build 19042.867; Version 2009; 64bit' Language: 'en' Physical Memory: 32683 MB
BatchMode: 1, IsHumanControllingUs: 0, StartBugReporterOnCrash: 0, Is64bit: 1, IsPro: 0

 COMMAND LINE ARGUMENTS:
E:\Unity Installs\2020.3.0f1\Editor\Unity.exe
-adb2
-batchMode
-noUpm
-name
AssetImportWorker0
-projectPath
C:/Users/Dan/Desktop/FinalProject - start point/Final Project
-logFile
Logs/AssetImportWorker0.log
-srvPort
53626
Successfully changed project path to: C:/Users/Dan/Desktop/FinalProject - start point/Final Project
C:/Users/Dan/Desktop/FinalProject - start point/Final Project
Using Asset Import Pipeline V2.
Refreshing native plugins compatible for Editor in 32.50 ms, found 0 plugins.
Preloading 0 native plugins for Editor in 0.00 ms.
Initialize engine version: 2020.3.0f1 (c7b5465681fb)
[Subsystems] Discovering subsystems at path E:/Unity Installs/2020.3.0f1/Editor/Data/Resources/UnitySubsystems
[Subsystems] Discovering subsystems at path C:/Users/Dan/Desktop/FinalProject - start point/Final Project/Assets
GfxDevice: creating device client; threaded=0
Direct3D:
    Version:  Direct3D 11.0 [level 11.1]
    Renderer: NVIDIA GeForce GTX 970 (ID=0x13c2)
    Vendor:   
    VRAM:     4043 MB
    Driver:   27.21.14.5671
Initialize mono
Mono path[0] = 'E:/Unity Installs/2020.3.0f1/Editor/Data/Managed'
Mono path[1] = 'E:/Unity Installs/2020.3.0f1/Editor/Data/MonoBleedingEdge/lib/mono/unityjit'
Mono config path = 'E:/Unity Installs/2020.3.0f1/Editor/Data/MonoBleedingEdge/etc'
Using monoOptions --debugger-agent=transport=dt_socket,embedding=1,server=y,suspend=n,address=127.0.0.1:56532
Begin MonoManager ReloadAssembly
Registering precompiled unity dll's ...
Register platform support module: E:/Unity Installs/2020.3.0f1/Editor/Data/PlaybackEngines/WindowsStandaloneSupport/UnityEditor.WindowsStandalone.Extensions.dll
Registered in 0.000834 seconds.
Native extension for WindowsStandalone target not found
Refreshing native plugins compatible for Editor in 28.24 ms, found 0 plugins.
Preloading 0 native plugins for Editor in 0.00 ms.
Invoked RoslynAnalysisRunner static constructor.
RoslynAnalysisRunner will not be running.
RoslynAnalysisRunner has terminated.
Mono: successfully reloaded assembly
- Completed reload, in  0.784 seconds
Platform modules already initialized, skipping
Registering precompiled user dll's ...
Registered in 0.003409 seconds.
Begin MonoManager ReloadAssembly
Native extension for WindowsStandalone target not found
Refreshing native plugins compatible for Editor in 0.33 ms, found 0 plugins.
Preloading 0 native plugins for Editor in 0.00 ms.
Invoked RoslynAnalysisRunner static constructor.
RoslynAnalysisRunner will not be running.
RoslynAnalysisRunner has terminated.
Mono: successfully reloaded assembly
- Completed reload, in  0.678 seconds
Platform modules already initialized, skipping
========================================================================
Worker process is ready to serve import requests
Launched and connected shader compiler UnityShaderCompiler.exe after 0.03 seconds
Refreshing native plugins compatible for Editor in 0.32 ms, found 0 plugins.
Preloading 0 native plugins for Editor in 0.00 ms.
Unloading 1569 Unused Serialized files (Serialized files now loaded: 0)
System memory in use before: 69.7 MB.
System memory in use after: 69.8 MB.

Unloading 37 unused Assets to reduce memory usage. Loaded Objects now: 1996.
Total: 1.619000 ms (FindLiveObjects: 0.138000 ms CreateObjectMapping: 0.051500 ms MarkObjects: 1.374400 ms  DeleteObjects: 0.054200 ms)

========================================================================
Received Import Request.
  path: Assets/Scripts/Track Generation
  artifactKey: Guid(be6096de3be89234a8e14c15df79fb06) Importer(815301076,1909f56bfc062723c751e8b465ee728b)
Start importing Assets/Scripts/Track Generation using Guid(be6096de3be89234a8e14c15df79fb06) Importer(815301076,1909f56bfc062723c751e8b465ee728b)  -> (artifact id: 'e05f926aa043ba09d0e84b6fcb534ac1') in 0.011173 seconds
  Import took 0.013013 seconds .

========================================================================
Received Import Request.
  Time since last request: 0.000255 seconds.
  path: Assets/Scripts
  artifactKey: Guid(0ea4d3483a34e6049b8702965eceb974) Importer(815301076,1909f56bfc062723c751e8b465ee728b)
Start importing Assets/Scripts using Guid(0ea4d3483a34e6049b8702965eceb974) Importer(815301076,1909f56bfc062723c751e8b465ee728b)  -> (artifact id: 'd57edf6b12937bdf1187192f2a0fec84') in 0.004745 seconds
  Import took 0.006441 seconds .

========================================================================
Received Import Request.
  Time since last request: 0.025421 seconds.
  path: Assets/Scripts/Track Generation/MiniMap.asset
  artifactKey: Guid(36edc06b94f553d4eb311d45ba9ac9ed) Importer(815301076,1909f56bfc062723c751e8b465ee728b)
Start importing Assets/Scripts/Track Generation/MiniMap.asset using Guid(36edc06b94f553d4eb311d45ba9ac9ed) Importer(815301076,1909f56bfc062723c751e8b465ee728b)  -> (artifact id: '4e9bffa5723bf7c666f2903664afbc7d') in 0.086366 seconds
  Import took 0.088800 seconds .

========================================================================
Received Import Request.
  Time since last request: 1.260913 seconds.
  path: Assets/Scripts/Track Generation/TrackManager.cs
  artifactKey: Guid(0f72ab7f66b480b4d9399f63b638575b) Importer(815301076,1909f56bfc062723c751e8b465ee728b)
Start importing Assets/Scripts/Track Generation/TrackManager.cs using Guid(0f72ab7f66b480b4d9399f63b638575b) Importer(815301076,1909f56bfc062723c751e8b465ee728b)  -> (artifact id: '6cf35e53eca5c837b100bc509079abdb') in 0.008679 seconds
  Import took 0.010665 seconds .

========================================================================
Received Import Request.
  Time since last request: 0.021580 seconds.
  path: Assets/Scripts/Track Generation/TrackManager.cs
  artifactKey: Guid(0f72ab7f66b480b4d9399f63b638575b) Importer(815301076,1909f56bfc062723c751e8b465ee728b)
Start importing Assets/Scripts/Track Generation/TrackManager.cs using Guid(0f72ab7f66b480b4d9399f63b638575b) Importer(815301076,1909f56bfc062723c751e8b465ee728b)  -> (artifact id: '6cf35e53eca5c837b100bc509079abdb') in 0.002182 seconds
  Import took 0.004214 seconds .

========================================================================
Received Import Request.
  Time since last request: 13.485335 seconds.
  path: Assets/Prefabs/Cone.fbx
  artifactKey: Guid(8745db3de1ff61b49b71ec7128f8bab2) Importer(815301076,1909f56bfc062723c751e8b465ee728b)
Start importing Assets/Prefabs/Cone.fbx using Guid(8745db3de1ff61b49b71ec7128f8bab2) Importer(815301076,1909f56bfc062723c751e8b465ee728b)  -> (artifact id: '7d41bffa5aa7efb54ef81122d9ea6cee') in 0.177202 seconds
  Import took 0.180038 seconds .

========================================================================
Received Import Request.
  Time since last request: 0.000185 seconds.
  path: Assets/Prefabs/ConePrefab 3.prefab
  artifactKey: Guid(24fe684a7b0170c4093224aec3633bfb) Importer(815301076,1909f56bfc062723c751e8b465ee728b)
Start importing Assets/Prefabs/ConePrefab 3.prefab using Guid(24fe684a7b0170c4093224aec3633bfb) Importer(815301076,1909f56bfc062723c751e8b465ee728b)  -> (artifact id: '20af34c5d5a321fa2313d2cb32d31ff2') in 0.019080 seconds
  Import took 0.021006 seconds .

========================================================================
Received Import Request.
  Time since last request: 0.000181 seconds.
  path: Assets/Prefabs/SwarmLeader 3.prefab
  artifactKey: Guid(74832155185ecb945986c49b37e7562c) Importer(815301076,1909f56bfc062723c751e8b465ee728b)
Start importing Assets/Prefabs/SwarmLeader 3.prefab using Guid(74832155185ecb945986c49b37e7562c) Importer(815301076,1909f56bfc062723c751e8b465ee728b)  -> (artifact id: '539cf236e65ee65bdc95a20652516e37') in 0.013938 seconds
  Import took 0.015818 seconds .

========================================================================
Received Import Request.
  Time since last request: 0.000211 seconds.
  path: Assets/Prefabs/SwarmLeader.prefab
  artifactKey: Guid(8ddc7336230885a4f8ebf28aaa902fc4) Importer(815301076,1909f56bfc062723c751e8b465ee728b)
Start importing Assets/Prefabs/SwarmLeader.prefab using Guid(8ddc7336230885a4f8ebf28aaa902fc4) Importer(815301076,1909f56bfc062723c751e8b465ee728b)  -> (artifact id: '39b125e806dcb363e9e870c875f06305') in 0.018087 seconds
  Import took 0.020052 seconds .

========================================================================
Received Import Request.
  Time since last request: 0.000211 seconds.
  path: Assets/Prefabs/SplinePrefab.prefab
  artifactKey: Guid(473fed97dadcf4349bf4b9a2bb3f6121) Importer(815301076,1909f56bfc062723c751e8b465ee728b)
Start importing Assets/Prefabs/SplinePrefab.prefab using Guid(473fed97dadcf4349bf4b9a2bb3f6121) Importer(815301076,1909f56bfc062723c751e8b465ee728b)  -> (artifact id: '8fc64d74b068aa3b602795541e8d139d') in 0.006760 seconds
  Import took 0.008679 seconds .

========================================================================
Received Import Request.
  Time since last request: 0.000259 seconds.
  path: Assets/Prefabs/ConePrefab 1.prefab
  artifactKey: Guid(14ce2b8087c2596418c8d599eab7ddd0) Importer(815301076,1909f56bfc062723c751e8b465ee728b)
Start importing Assets/Prefabs/ConePrefab 1.prefab using Guid(14ce2b8087c2596418c8d599eab7ddd0) Importer(815301076,1909f56bfc062723c751e8b465ee728b)  -> (artifact id: '8a2d322e3db7d3c99c01e162622b6d19') in 0.016602 seconds
  Import took 0.018566 seconds .

========================================================================
Received Import Request.
  Time since last request: 0.000231 seconds.
  path: Assets/Prefabs/Wipeout.prefab
  artifactKey: Guid(886a4d4b2ffeba041aa24c2cd01402cc) Importer(815301076,1909f56bfc062723c751e8b465ee728b)
Start importing Assets/Prefabs/Wipeout.prefab using Guid(886a4d4b2ffeba041aa24c2cd01402cc) Importer(815301076,1909f56bfc062723c751e8b465ee728b)  -> (artifact id: '01092417d53d2705bf0d0ca39aafa6f6') in 0.012672 seconds
  Import took 0.014586 seconds .

========================================================================
Received Import Request.
  Time since last request: 0.000232 seconds.
  path: Assets/Prefabs/ConePrefab 4.prefab
  artifactKey: Guid(796116833518cdc48b4f73898718d8bc) Importer(815301076,1909f56bfc062723c751e8b465ee728b)
Start importing Assets/Prefabs/ConePrefab 4.prefab using Guid(796116833518cdc48b4f73898718d8bc) Importer(815301076,1909f56bfc062723c751e8b465ee728b)  -> (artifact id: '7bedd15ec744044b72ae027d3a47b124') in 0.016472 seconds
  Import took 0.018384 seconds .

========================================================================
Received Import Request.
  Time since last request: 0.000203 seconds.
  path: Assets/Prefabs/SwarmLeader 2.prefab
  artifactKey: Guid(83f1ec64f34c47048ba0b63234ddaa07) Importer(815301076,1909f56bfc062723c751e8b465ee728b)
Start importing Assets/Prefabs/SwarmLeader 2.prefab using Guid(83f1ec64f34c47048ba0b63234ddaa07) Importer(815301076,1909f56bfc062723c751e8b465ee728b)  -> (artifact id: 'f0e0f1642006024057838b4831d265b4') in 0.012140 seconds
  Import took 0.014044 seconds .

========================================================================
Received Import Request.
  Time since last request: 0.000214 seconds.
  path: Assets/Prefabs/ConePrefab 2.prefab
  artifactKey: Guid(09050a056e5e2294f9bf57a8e3473358) Importer(815301076,1909f56bfc062723c751e8b465ee728b)
Start importing Assets/Prefabs/ConePrefab 2.prefab using Guid(09050a056e5e2294f9bf57a8e3473358) Importer(815301076,1909f56bfc062723c751e8b465ee728b)  -> (artifact id: '3a12140fe6a25057017552be605f492b') in 0.012943 seconds
  Import took 0.015263 seconds .

========================================================================
Received Import Request.
  Time since last request: 0.000204 seconds.
  path: Assets/Prefabs/SwarmLeader 4.prefab
  artifactKey: Guid(ac2f35e497dba3c49b51373aa5083acb) Importer(815301076,1909f56bfc062723c751e8b465ee728b)
Start importing Assets/Prefabs/SwarmLeader 4.prefab using Guid(ac2f35e497dba3c49b51373aa5083acb) Importer(815301076,1909f56bfc062723c751e8b465ee728b)  -> (artifact id: 'f5608732fa4e5cd05cd12862f14e43be') in 0.012027 seconds
  Import took 0.013895 seconds .

========================================================================
Received Import Request.
  Time since last request: 0.000205 seconds.
  path: Assets/Prefabs/TrackSegment.prefab
  artifactKey: Guid(8c44f31dc1a2d1041bfd935537018212) Importer(815301076,1909f56bfc062723c751e8b465ee728b)
Start importing Assets/Prefabs/TrackSegment.prefab using Guid(8c44f31dc1a2d1041bfd935537018212) Importer(815301076,1909f56bfc062723c751e8b465ee728b)  -> (artifact id: '224e5797a558539306bc432798a5877d') in 0.006160 seconds
  Import took 0.008035 seconds .

========================================================================
Received Import Request.
  Time since last request: 0.000235 seconds.
  path: Assets/Prefabs/ConePrefab.prefab
  artifactKey: Guid(c85e9cb0217000048a22775c1ff45e67) Importer(815301076,1909f56bfc062723c751e8b465ee728b)
Start importing Assets/Prefabs/ConePrefab.prefab using Guid(c85e9cb0217000048a22775c1ff45e67) Importer(815301076,1909f56bfc062723c751e8b465ee728b)  -> (artifact id: 'f23a0a5c274d4f2b5dce8687e9f75ace') in 0.012676 seconds
  Import took 0.014613 seconds .

========================================================================
Received Import Request.
  Time since last request: 0.000205 seconds.
  path: Assets/Prefabs/SwarmLeader 1.prefab
  artifactKey: Guid(f269ae26e92e3ae4e9a30248fc23d80f) Importer(815301076,1909f56bfc062723c751e8b465ee728b)
Start importing Assets/Prefabs/SwarmLeader 1.prefab using Guid(f269ae26e92e3ae4e9a30248fc23d80f) Importer(815301076,1909f56bfc062723c751e8b465ee728b)  -> (artifact id: '313cd985fd0f6acef42b97ea75e28027') in 0.012340 seconds
  Import took 0.014200 seconds .

========================================================================
Received Import Request.
  Time since last request: 13.745881 seconds.
  path: Assets/Scripts/Track Generation/Catmul.cs
  artifactKey: Guid(2090ec9007a3711488f859e8aaa489ce) Importer(815301076,1909f56bfc062723c751e8b465ee728b)
Start importing Assets/Scripts/Track Generation/Catmul.cs using Guid(2090ec9007a3711488f859e8aaa489ce) Importer(815301076,1909f56bfc062723c751e8b465ee728b)  -> (artifact id: '5b5124a60f280450650c9e8d62fbf134') in 0.005694 seconds
  Import took 0.007849 seconds .

========================================================================
Received Prepare
Refreshing native plugins compatible for Editor in 6.51 ms, found 0 plugins.
Preloading 0 native plugins for Editor in 0.00 ms.
Unloading 27 Unused Serialized files (Serialized files now loaded: 0)
System memory in use before: 43.1 MB.
System memory in use after: 43.2 MB.

Unloading 26 unused Assets to reduce memory usage. Loaded Objects now: 2043.
Total: 2.623400 ms (FindLiveObjects: 0.260100 ms CreateObjectMapping: 0.091800 ms MarkObjects: 2.249400 ms  DeleteObjects: 0.020800 ms)

AssetImportWorkerClient::OnTransportError - code=2 error=End of file
